# JRE version: OpenJDK Runtime Environment (8.0_242-b01) (build 1.8.0_242-release-1644-b01)
# Java VM: OpenJDK 64-Bit Server VM (25.242-b01 mixed mode windows-amd64 compressed oops)
Heap:
 PSYoungGen      total 141824K, used 48815K [0x00000000f5580000, 0x00000000fea80000, 0x0000000100000000)
  eden space 131072K, 37% used [0x00000000f5580000,0x00000000f852bce8,0x00000000fd580000)
  from space 10752K, 0% used [0x00000000fd580000,0x00000000fd580000,0x00000000fe000000)
  to   space 10752K, 0% used [0x00000000fe000000,0x00000000fe000000,0x00000000fea80000)
 ParOldGen       total 175104K, used 11844K [0x00000000e0000000, 0x00000000eab00000, 0x00000000f5580000)
  object space 175104K, 6% used [0x00000000e0000000,0x00000000e0b91348,0x00000000eab00000)
 Metaspace       used 27578K, capacity 28268K, committed 28336K, reserved 1073152K
  class space    used 3796K, capacity 3995K, committed 4016K, reserved 1048576K
GC Heap History (8 events):
Event: 3.627 GC heap before
{Heap before GC invocations=1 (full 0):
 PSYoungGen      total 76288K, used 65536K [0x00000000f5580000, 0x00000000faa80000, 0x0000000100000000)
  eden space 65536K, 100% used [0x00000000f5580000,0x00000000f9580000,0x00000000f9580000)
  from space 10752K, 0% used [0x00000000fa000000,0x00000000fa000000,0x00000000faa80000)
  to   space 10752K, 0% used [0x00000000f9580000,0x00000000f9580000,0x00000000fa000000)
 ParOldGen       total 175104K, used 0K [0x00000000e0000000, 0x00000000eab00000, 0x00000000f5580000)
  object space 175104K, 0% used [0x00000000e0000000,0x00000000e0000000,0x00000000eab00000)
 Metaspace       used 7428K, capacity 7606K, committed 7680K, reserved 1056768K
  class space    used 907K, capacity 981K, committed 1024K, reserved 1048576K
Event: 3.691 GC heap after
Heap after GC invocations=1 (full 0):
 PSYoungGen      total 76288K, used 5630K [0x00000000f5580000, 0x00000000fea80000, 0x0000000100000000)
  eden space 65536K, 0% used [0x00000000f5580000,0x00000000f5580000,0x00000000f9580000)
  from space 10752K, 52% used [0x00000000f9580000,0x00000000f9aff910,0x00000000fa000000)
  to   space 10752K, 0% used [0x00000000fe000000,0x00000000fe000000,0x00000000fea80000)
 ParOldGen       total 175104K, used 8K [0x00000000e0000000, 0x00000000eab00000, 0x00000000f5580000)
  object space 175104K, 0% used [0x00000000e0000000,0x00000000e0002000,0x00000000eab00000)
 Metaspace       used 7428K, capacity 7606K, committed 7680K, reserved 1056768K
  class space    used 907K, capacity 981K, committed 1024K, reserved 1048576K
}
Event: 8.157 GC heap before
{Heap before GC invocations=2 (full 0):
 PSYoungGen      total 76288K, used 71152K [0x00000000f5580000, 0x00000000fea80000, 0x0000000100000000)
  eden space 65536K, 99% used [0x00000000f5580000,0x00000000f957ca40,0x00000000f9580000)
  from space 10752K, 52% used [0x00000000f9580000,0x00000000f9aff910,0x00000000fa000000)
  to   space 10752K, 0% used [0x00000000fe000000,0x00000000fe000000,0x00000000fea80000)
 ParOldGen       total 175104K, used 8K [0x00000000e0000000, 0x00000000eab00000, 0x00000000f5580000)
  object space 175104K, 0% used [0x00000000e0000000,0x00000000e0002000,0x00000000eab00000)
 Metaspace       used 14821K, capacity 15138K, committed 15232K, reserved 1062912K
  class space    used 1958K, capacity 2099K, committed 2176K, reserved 1048576K
Event: 8.180 GC heap after
Heap after GC invocations=2 (full 0):
 PSYoungGen      total 141824K, used 9263K [0x00000000f5580000, 0x00000000fea80000, 0x0000000100000000)
  eden space 131072K, 0% used [0x00000000f5580000,0x00000000f5580000,0x00000000fd580000)
  from space 10752K, 86% used [0x00000000fe000000,0x00000000fe90bcf0,0x00000000fea80000)
  to   space 10752K, 0% used [0x00000000fd580000,0x00000000fd580000,0x00000000fe000000)
 ParOldGen       total 175104K, used 16K [0x00000000e0000000, 0x00000000eab00000, 0x00000000f5580000)
  object space 175104K, 0% used [0x00000000e0000000,0x00000000e0004000,0x00000000eab00000)
 Metaspace       used 14821K, capacity 15138K, committed 15232K, reserved 1062912K
  class space    used 1958K, capacity 2099K, committed 2176K, reserved 1048576K
}
Event: 11.400 GC heap before
{Heap before GC invocations=3 (full 0):
 PSYoungGen      total 141824K, used 90913K [0x00000000f5580000, 0x00000000fea80000, 0x0000000100000000)
  eden space 131072K, 62% used [0x00000000f5580000,0x00000000fa53c808,0x00000000fd580000)
  from space 10752K, 86% used [0x00000000fe000000,0x00000000fe90bcf0,0x00000000fea80000)
  to   space 10752K, 0% used [0x00000000fd580000,0x00000000fd580000,0x00000000fe000000)
 ParOldGen       total 175104K, used 16K [0x00000000e0000000, 0x00000000eab00000, 0x00000000f5580000)
  object space 175104K, 0% used [0x00000000e0000000,0x00000000e0004000,0x00000000eab00000)
 Metaspace       used 20722K, capacity 21274K, committed 21296K, reserved 1067008K
  class space    used 2913K, capacity 3101K, committed 3120K, reserved 1048576K
Event: 11.418 GC heap after
Heap after GC invocations=3 (full 0):
 PSYoungGen      total 141824K, used 10729K [0x00000000f5580000, 0x00000000fea80000, 0x0000000100000000)
  eden space 131072K, 0% used [0x00000000f5580000,0x00000000f5580000,0x00000000fd580000)
  from space 10752K, 99% used [0x00000000fd580000,0x00000000fdffa568,0x00000000fe000000)
  to   space 10752K, 0% used [0x00000000fe000000,0x00000000fe000000,0x00000000fea80000)
 ParOldGen       total 175104K, used 1538K [0x00000000e0000000, 0x00000000eab00000, 0x00000000f5580000)
  object space 175104K, 0% used [0x00000000e0000000,0x00000000e0180af8,0x00000000eab00000)
 Metaspace       used 20722K, capacity 21274K, committed 21296K, reserved 1067008K
  class space    used 2913K, capacity 3101K, committed 3120K, reserved 1048576K
}
Event: 11.418 GC heap before
{Heap before GC invocations=4 (full 1):
 PSYoungGen      total 141824K, used 10729K [0x00000000f5580000, 0x00000000fea80000, 0x0000000100000000)
  eden space 131072K, 0% used [0x00000000f5580000,0x00000000f5580000,0x00000000fd580000)
  from space 10752K, 99% used [0x00000000fd580000,0x00000000fdffa568,0x00000000fe000000)
  to   space 10752K, 0% used [0x00000000fe000000,0x00000000fe000000,0x00000000fea80000)
 ParOldGen       total 175104K, used 1538K [0x00000000e0000000, 0x00000000eab00000, 0x00000000f5580000)
  object space 175104K, 0% used [0x00000000e0000000,0x00000000e0180af8,0x00000000eab00000)
 Metaspace       used 20722K, capacity 21274K, committed 21296K, reserved 1067008K
  class space    used 2913K, capacity 3101K, committed 3120K, reserved 1048576K
Event: 11.634 GC heap after
Heap after GC invocations=4 (full 1):
 PSYoungGen      total 141824K, used 0K [0x00000000f5580000, 0x00000000fea80000, 0x0000000100000000)
  eden space 131072K, 0% used [0x00000000f5580000,0x00000000f5580000,0x00000000fd580000)
  from space 10752K, 0% used [0x00000000fd580000,0x00000000fd580000,0x00000000fe000000)
  to   space 10752K, 0% used [0x00000000fe000000,0x00000000fe000000,0x00000000fea80000)
 ParOldGen       total 175104K, used 11844K [0x00000000e0000000, 0x00000000eab00000, 0x00000000f5580000)
  object space 175104K, 6% used [0x00000000e0000000,0x00000000e0b91348,0x00000000eab00000)
 Metaspace       used 20722K, capacity 21274K, committed 21296K, reserved 1067008K
  class space    used 2913K, capacity 3101K, committed 3120K, reserved 1048576K
}

